DEBUG:fsevents:NativeEvent(path="/Users/athena/Documents/code/GitHub/ChatBotBRMS/src/brmsAPI/__pycache__/brmsAssurance.cpython-312.pyc.13283307808", inode=46454618, flags=11900, id=535182220): is_coalesced, is_created, is_file, is_modified, is_renamed
DEBUG:fsevents:NativeEvent(path="/Users/athena/Documents/code/GitHub/ChatBotBRMS/src/brmsAPI/__pycache__/brmsAssurance.cpython-312.pyc", inode=46454618, flags=10800, id=535182221): is_file, is_renamed
DEBUG:fsevents:NativeEvent(path="/Users/athena/Documents/code/GitHub/ChatBotBRMS/src/brmsAPI/__pycache__/brmsAssurance.cpython-312.pyc", inode=46412423, flags=10800, id=535182222): is_file, is_renamed
DEBUG:fsevents:queue_event FileCreatedEvent(src_path='/Users/athena/Documents/code/GitHub/ChatBotBRMS/src/brmsAPI/__pycache__/brmsAssurance.cpython-312.pyc.13283307808', dest_path='', event_type='created', is_directory=False, is_synthetic=False)
DEBUG:fsevents:queue_event DirModifiedEvent(src_path='/Users/athena/Documents/code/GitHub/ChatBotBRMS/src/brmsAPI/__pycache__', dest_path='', event_type='modified', is_directory=True, is_synthetic=False)
DEBUG:fsevents:queue_event FileModifiedEvent(src_path='/Users/athena/Documents/code/GitHub/ChatBotBRMS/src/brmsAPI/__pycache__/brmsAssurance.cpython-312.pyc.13283307808', dest_path='', event_type='modified', is_directory=False, is_synthetic=False)
DEBUG:fsevents:Destination event for rename is NativeEvent(path="/Users/athena/Documents/code/GitHub/ChatBotBRMS/src/brmsAPI/__pycache__/brmsAssurance.cpython-312.pyc", inode=46454618, flags=10800, id=535182221)
DEBUG:fsevents:queue_event FileMovedEvent(src_path='/Users/athena/Documents/code/GitHub/ChatBotBRMS/src/brmsAPI/__pycache__/brmsAssurance.cpython-312.pyc.13283307808', dest_path='/Users/athena/Documents/code/GitHub/ChatBotBRMS/src/brmsAPI/__pycache__/brmsAssurance.cpython-312.pyc', event_type='moved', is_directory=False, is_synthetic=False)
DEBUG:fsevents:queue_event DirModifiedEvent(src_path='/Users/athena/Documents/code/GitHub/ChatBotBRMS/src/brmsAPI/__pycache__', dest_path='', event_type='modified', is_directory=True, is_synthetic=False)
DEBUG:fsevents:queue_event DirModifiedEvent(src_path='/Users/athena/Documents/code/GitHub/ChatBotBRMS/src/brmsAPI/__pycache__', dest_path='', event_type='modified', is_directory=True, is_synthetic=False)
DEBUG:fsevents:queue_event FileDeletedEvent(src_path='/Users/athena/Documents/code/GitHub/ChatBotBRMS/src/brmsAPI/__pycache__/brmsAssurance.cpython-312.pyc', dest_path='', event_type='deleted', is_directory=False, is_synthetic=False)
DEBUG:fsevents:queue_event DirModifiedEvent(src_path='/Users/athena/Documents/code/GitHub/ChatBotBRMS/src/brmsAPI/__pycache__', dest_path='', event_type='modified', is_directory=True, is_synthetic=False)
DEBUG:urllib3.connectionpool:https://us.i.posthog.com:443 "POST /batch/ HTTP/1.1" 200 15
DEBUG:urllib3.connectionpool:https://us.i.posthog.com:443 "POST /batch/ HTTP/1.1" 200 15
DEBUG:httpcore.connection:connect_tcp.started host='127.0.0.1' port=11434 local_address=None timeout=None socket_options=None
DEBUG:httpcore.connection:connect_tcp.complete return_value=<httpcore._backends.sync.SyncStream object at 0x104f50f20>
DEBUG:httpcore.http11:send_request_headers.started request=<Request [b'POST']>
DEBUG:httpcore.http11:send_request_headers.complete
DEBUG:httpcore.http11:send_request_body.started request=<Request [b'POST']>
DEBUG:httpcore.http11:send_request_body.complete
DEBUG:httpcore.http11:receive_response_headers.started request=<Request [b'POST']>
DEBUG:httpcore.http11:receive_response_headers.complete return_value=(b'HTTP/1.1', 200, b'OK', [(b'Content-Type', b'application/json; charset=utf-8'), (b'Date', b'Fri, 31 Jan 2025 14:37:25 GMT'), (b'Transfer-Encoding', b'chunked')])
INFO:httpx:HTTP Request: POST http://127.0.0.1:11434/api/generate "HTTP/1.1 200 OK"
DEBUG:httpcore.http11:receive_response_body.started request=<Request [b'POST']>
DEBUG:httpcore.http11:receive_response_body.complete
DEBUG:httpcore.http11:response_closed.started
DEBUG:httpcore.http11:response_closed.complete
DEBUG:urllib3.connectionpool:Starting new HTTP connection (1): localhost:8080
DEBUG:urllib3.connectionpool:http://localhost:8080 "POST /ruleflow HTTP/1.1" 201 None
WARNING:chromadb.segment.impl.vector.local_persistent_hnsw:Number of requested results 3 is greater than number of elements in index 1, updating n_results = 1
INFO:root:Response generated. with model : openchat:latest
DEBUG:httpcore.http11:send_request_headers.started request=<Request [b'POST']>
DEBUG:httpcore.http11:send_request_headers.complete
DEBUG:httpcore.http11:send_request_body.started request=<Request [b'POST']>
DEBUG:httpcore.http11:send_request_body.complete
DEBUG:httpcore.http11:receive_response_headers.started request=<Request [b'POST']>
DEBUG:urllib3.connectionpool:https://us.i.posthog.com:443 "POST /batch/ HTTP/1.1" 200 15
DEBUG:httpcore.http11:receive_response_headers.complete return_value=(b'HTTP/1.1', 200, b'OK', [(b'Content-Type', b'application/x-ndjson'), (b'Date', b'Fri, 31 Jan 2025 14:37:40 GMT'), (b'Transfer-Encoding', b'chunked')])
INFO:httpx:HTTP Request: POST http://127.0.0.1:11434/api/generate "HTTP/1.1 200 OK"
DEBUG:httpcore.http11:receive_response_body.started request=<Request [b'POST']>
DEBUG:httpcore.http11:receive_response_body.complete
DEBUG:httpcore.http11:response_closed.started
DEBUG:httpcore.http11:response_closed.complete
DEBUG:httpcore.connection:close.started
DEBUG:httpcore.connection:close.complete
DEBUG:httpcore.connection:connect_tcp.started host='127.0.0.1' port=11434 local_address=None timeout=None socket_options=None
DEBUG:httpcore.connection:connect_tcp.complete return_value=<httpcore._backends.sync.SyncStream object at 0x326281fa0>
DEBUG:httpcore.http11:send_request_headers.started request=<Request [b'POST']>
DEBUG:httpcore.http11:send_request_headers.complete
DEBUG:httpcore.http11:send_request_body.started request=<Request [b'POST']>
DEBUG:httpcore.http11:send_request_body.complete
DEBUG:httpcore.http11:receive_response_headers.started request=<Request [b'POST']>
DEBUG:httpcore.http11:receive_response_headers.complete return_value=(b'HTTP/1.1', 200, b'OK', [(b'Content-Type', b'application/json; charset=utf-8'), (b'Date', b'Fri, 31 Jan 2025 14:38:06 GMT'), (b'Transfer-Encoding', b'chunked')])
INFO:httpx:HTTP Request: POST http://127.0.0.1:11434/api/generate "HTTP/1.1 200 OK"
DEBUG:httpcore.http11:receive_response_body.started request=<Request [b'POST']>
DEBUG:httpcore.http11:receive_response_body.complete
DEBUG:httpcore.http11:response_closed.started
DEBUG:httpcore.http11:response_closed.complete
WARNING:chromadb.segment.impl.vector.local_persistent_hnsw:Number of requested results 3 is greater than number of elements in index 1, updating n_results = 1
INFO:root:Response generated. with model : openchat:latest
DEBUG:httpcore.http11:send_request_headers.started request=<Request [b'POST']>
DEBUG:httpcore.http11:send_request_headers.complete
DEBUG:httpcore.http11:send_request_body.started request=<Request [b'POST']>
DEBUG:httpcore.http11:send_request_body.complete
DEBUG:httpcore.http11:receive_response_headers.started request=<Request [b'POST']>
DEBUG:httpcore.http11:receive_response_headers.complete return_value=(b'HTTP/1.1', 200, b'OK', [(b'Content-Type', b'application/x-ndjson'), (b'Date', b'Fri, 31 Jan 2025 14:38:09 GMT'), (b'Transfer-Encoding', b'chunked')])
INFO:httpx:HTTP Request: POST http://127.0.0.1:11434/api/generate "HTTP/1.1 200 OK"
DEBUG:httpcore.http11:receive_response_body.started request=<Request [b'POST']>
DEBUG:httpcore.http11:receive_response_body.complete
DEBUG:httpcore.http11:response_closed.started
DEBUG:httpcore.http11:response_closed.complete
DEBUG:httpcore.connection:close.started
DEBUG:httpcore.connection:close.complete
DEBUG:httpcore.connection:connect_tcp.started host='127.0.0.1' port=11434 local_address=None timeout=None socket_options=None
DEBUG:httpcore.connection:connect_tcp.complete return_value=<httpcore._backends.sync.SyncStream object at 0x339831490>
DEBUG:httpcore.http11:send_request_headers.started request=<Request [b'POST']>
DEBUG:httpcore.http11:send_request_headers.complete
DEBUG:httpcore.http11:send_request_body.started request=<Request [b'POST']>
DEBUG:httpcore.http11:send_request_body.complete
DEBUG:httpcore.http11:receive_response_headers.started request=<Request [b'POST']>
DEBUG:httpcore.http11:receive_response_headers.complete return_value=(b'HTTP/1.1', 200, b'OK', [(b'Content-Type', b'application/json; charset=utf-8'), (b'Date', b'Fri, 31 Jan 2025 14:38:42 GMT'), (b'Transfer-Encoding', b'chunked')])
INFO:httpx:HTTP Request: POST http://127.0.0.1:11434/api/generate "HTTP/1.1 200 OK"
DEBUG:httpcore.http11:receive_response_body.started request=<Request [b'POST']>
DEBUG:httpcore.http11:receive_response_body.complete
DEBUG:httpcore.http11:response_closed.started
DEBUG:httpcore.http11:response_closed.complete
WARNING:chromadb.segment.impl.vector.local_persistent_hnsw:Number of requested results 3 is greater than number of elements in index 1, updating n_results = 1
INFO:root:Response generated. with model : openchat:latest
DEBUG:httpcore.http11:send_request_headers.started request=<Request [b'POST']>
DEBUG:httpcore.http11:send_request_headers.complete
DEBUG:httpcore.http11:send_request_body.started request=<Request [b'POST']>
DEBUG:httpcore.http11:send_request_body.complete
DEBUG:httpcore.http11:receive_response_headers.started request=<Request [b'POST']>
DEBUG:httpcore.http11:receive_response_headers.complete return_value=(b'HTTP/1.1', 200, b'OK', [(b'Content-Type', b'application/x-ndjson'), (b'Date', b'Fri, 31 Jan 2025 14:38:44 GMT'), (b'Transfer-Encoding', b'chunked')])
INFO:httpx:HTTP Request: POST http://127.0.0.1:11434/api/generate "HTTP/1.1 200 OK"
DEBUG:httpcore.http11:receive_response_body.started request=<Request [b'POST']>
DEBUG:httpcore.http11:receive_response_body.complete
DEBUG:httpcore.http11:response_closed.started
DEBUG:httpcore.http11:response_closed.complete
DEBUG:httpcore.connection:close.started
DEBUG:httpcore.connection:close.complete
DEBUG:httpcore.connection:connect_tcp.started host='127.0.0.1' port=11434 local_address=None timeout=None socket_options=None
DEBUG:httpcore.connection:connect_tcp.complete return_value=<httpcore._backends.sync.SyncStream object at 0x339e7a5d0>
DEBUG:httpcore.http11:send_request_headers.started request=<Request [b'POST']>
DEBUG:httpcore.http11:send_request_headers.complete
DEBUG:httpcore.http11:send_request_body.started request=<Request [b'POST']>
DEBUG:httpcore.http11:send_request_body.complete
DEBUG:httpcore.http11:receive_response_headers.started request=<Request [b'POST']>
DEBUG:httpcore.http11:receive_response_headers.complete return_value=(b'HTTP/1.1', 200, b'OK', [(b'Content-Type', b'application/json; charset=utf-8'), (b'Date', b'Fri, 31 Jan 2025 14:38:58 GMT'), (b'Transfer-Encoding', b'chunked')])
INFO:httpx:HTTP Request: POST http://127.0.0.1:11434/api/generate "HTTP/1.1 200 OK"
DEBUG:httpcore.http11:receive_response_body.started request=<Request [b'POST']>
DEBUG:httpcore.http11:receive_response_body.complete
DEBUG:httpcore.http11:response_closed.started
DEBUG:httpcore.http11:response_closed.complete
DEBUG:urllib3.connectionpool:Starting new HTTP connection (1): localhost:8080
DEBUG:urllib3.connectionpool:http://localhost:8080 "POST /ruleflow HTTP/1.1" 201 None
WARNING:chromadb.segment.impl.vector.local_persistent_hnsw:Number of requested results 3 is greater than number of elements in index 1, updating n_results = 1
INFO:root:Response generated. with model : openchat:latest
DEBUG:httpcore.http11:send_request_headers.started request=<Request [b'POST']>
DEBUG:httpcore.http11:send_request_headers.complete
DEBUG:httpcore.http11:send_request_body.started request=<Request [b'POST']>
DEBUG:httpcore.http11:send_request_body.complete
DEBUG:httpcore.http11:receive_response_headers.started request=<Request [b'POST']>
DEBUG:httpcore.http11:receive_response_headers.complete return_value=(b'HTTP/1.1', 200, b'OK', [(b'Content-Type', b'application/x-ndjson'), (b'Date', b'Fri, 31 Jan 2025 14:38:59 GMT'), (b'Transfer-Encoding', b'chunked')])
INFO:httpx:HTTP Request: POST http://127.0.0.1:11434/api/generate "HTTP/1.1 200 OK"
DEBUG:httpcore.http11:receive_response_body.started request=<Request [b'POST']>
DEBUG:httpcore.http11:receive_response_body.complete
DEBUG:httpcore.http11:response_closed.started
DEBUG:httpcore.http11:response_closed.complete
DEBUG:httpcore.connection:close.started
DEBUG:httpcore.connection:close.complete
DEBUG:httpcore.connection:connect_tcp.started host='127.0.0.1' port=11434 local_address=None timeout=None socket_options=None
DEBUG:httpcore.connection:connect_tcp.complete return_value=<httpcore._backends.sync.SyncStream object at 0x339e79b20>
DEBUG:httpcore.http11:send_request_headers.started request=<Request [b'POST']>
DEBUG:httpcore.http11:send_request_headers.complete
DEBUG:httpcore.http11:send_request_body.started request=<Request [b'POST']>
DEBUG:httpcore.http11:send_request_body.complete
DEBUG:httpcore.http11:receive_response_headers.started request=<Request [b'POST']>
DEBUG:httpcore.http11:receive_response_headers.complete return_value=(b'HTTP/1.1', 200, b'OK', [(b'Content-Type', b'application/json; charset=utf-8'), (b'Date', b'Fri, 31 Jan 2025 14:39:10 GMT'), (b'Transfer-Encoding', b'chunked')])
INFO:httpx:HTTP Request: POST http://127.0.0.1:11434/api/generate "HTTP/1.1 200 OK"
DEBUG:httpcore.http11:receive_response_body.started request=<Request [b'POST']>
DEBUG:httpcore.http11:receive_response_body.complete
DEBUG:httpcore.http11:response_closed.started
DEBUG:httpcore.http11:response_closed.complete
WARNING:chromadb.segment.impl.vector.local_persistent_hnsw:Number of requested results 3 is greater than number of elements in index 1, updating n_results = 1
INFO:root:Response generated. with model : openchat:latest
DEBUG:httpcore.http11:send_request_headers.started request=<Request [b'POST']>
DEBUG:httpcore.http11:send_request_headers.complete
DEBUG:httpcore.http11:send_request_body.started request=<Request [b'POST']>
DEBUG:httpcore.http11:send_request_body.complete
DEBUG:httpcore.http11:receive_response_headers.started request=<Request [b'POST']>
DEBUG:httpcore.http11:receive_response_headers.complete return_value=(b'HTTP/1.1', 200, b'OK', [(b'Content-Type', b'application/x-ndjson'), (b'Date', b'Fri, 31 Jan 2025 14:39:11 GMT'), (b'Transfer-Encoding', b'chunked')])
INFO:httpx:HTTP Request: POST http://127.0.0.1:11434/api/generate "HTTP/1.1 200 OK"
DEBUG:httpcore.http11:receive_response_body.started request=<Request [b'POST']>
DEBUG:httpcore.http11:receive_response_body.complete
DEBUG:httpcore.http11:response_closed.started
DEBUG:httpcore.http11:response_closed.complete
DEBUG:httpcore.connection:close.started
DEBUG:httpcore.connection:close.complete
DEBUG:httpcore.connection:connect_tcp.started host='127.0.0.1' port=11434 local_address=None timeout=None socket_options=None
DEBUG:httpcore.connection:connect_tcp.complete return_value=<httpcore._backends.sync.SyncStream object at 0x339e44740>
DEBUG:httpcore.http11:send_request_headers.started request=<Request [b'POST']>
DEBUG:httpcore.http11:send_request_headers.complete
DEBUG:httpcore.http11:send_request_body.started request=<Request [b'POST']>
DEBUG:httpcore.http11:send_request_body.complete
DEBUG:httpcore.http11:receive_response_headers.started request=<Request [b'POST']>
DEBUG:httpcore.http11:receive_response_headers.complete return_value=(b'HTTP/1.1', 200, b'OK', [(b'Content-Type', b'application/json; charset=utf-8'), (b'Date', b'Fri, 31 Jan 2025 14:39:37 GMT'), (b'Transfer-Encoding', b'chunked')])
INFO:httpx:HTTP Request: POST http://127.0.0.1:11434/api/generate "HTTP/1.1 200 OK"
DEBUG:httpcore.http11:receive_response_body.started request=<Request [b'POST']>
DEBUG:httpcore.http11:receive_response_body.complete
DEBUG:httpcore.http11:response_closed.started
DEBUG:httpcore.http11:response_closed.complete
DEBUG:urllib3.connectionpool:Starting new HTTP connection (1): localhost:8080
DEBUG:urllib3.connectionpool:http://localhost:8080 "POST /ruleflow HTTP/1.1" 201 None
WARNING:chromadb.segment.impl.vector.local_persistent_hnsw:Number of requested results 3 is greater than number of elements in index 1, updating n_results = 1
INFO:root:Response generated. with model : openchat:latest
DEBUG:httpcore.http11:send_request_headers.started request=<Request [b'POST']>
DEBUG:httpcore.http11:send_request_headers.complete
DEBUG:httpcore.http11:send_request_body.started request=<Request [b'POST']>
DEBUG:httpcore.http11:send_request_body.complete
DEBUG:httpcore.http11:receive_response_headers.started request=<Request [b'POST']>
DEBUG:httpcore.http11:receive_response_headers.complete return_value=(b'HTTP/1.1', 200, b'OK', [(b'Content-Type', b'application/x-ndjson'), (b'Date', b'Fri, 31 Jan 2025 14:39:38 GMT'), (b'Transfer-Encoding', b'chunked')])
INFO:httpx:HTTP Request: POST http://127.0.0.1:11434/api/generate "HTTP/1.1 200 OK"
DEBUG:httpcore.http11:receive_response_body.started request=<Request [b'POST']>
DEBUG:httpcore.http11:receive_response_body.complete
DEBUG:httpcore.http11:response_closed.started
DEBUG:httpcore.http11:response_closed.complete
